# JRE version: Java(TM) SE Runtime Environment (8.0_241-b07) (build 1.8.0_241-b07)
# Java VM: Java HotSpot(TM) 64-Bit Server VM (25.241-b07 mixed mode windows-amd64 compressed oops)
Heap:
 PSYoungGen      total 141824K, used 26412K [0x00000000d5d80000, 0x00000000e0980000, 0x0000000100000000)
  eden space 132096K, 19% used [0x00000000d5d80000,0x00000000d774b358,0x00000000dde80000)
  from space 9728K, 0% used [0x00000000dde80000,0x00000000dde80000,0x00000000de800000)
  to   space 16896K, 0% used [0x00000000df900000,0x00000000df900000,0x00000000e0980000)
 ParOldGen       total 62976K, used 49851K [0x0000000081800000, 0x0000000085580000, 0x00000000d5d80000)
  object space 62976K, 79% used [0x0000000081800000,0x00000000848aee88,0x0000000085580000)
 Metaspace       used 37931K, capacity 38580K, committed 38784K, reserved 1083392K
  class space    used 4278K, capacity 4458K, committed 4480K, reserved 1048576K
GC Heap History (10 events):
Event: 14.614 GC heap before
{Heap before GC invocations=9 (full 1):
 PSYoungGen      total 75776K, used 66560K [0x00000000d5d80000, 0x00000000df180000, 0x0000000100000000)
  eden space 66560K, 100% used [0x00000000d5d80000,0x00000000d9e80000,0x00000000d9e80000)
  from space 9216K, 0% used [0x00000000d9e80000,0x00000000d9e80000,0x00000000da780000)
  to   space 9216K, 0% used [0x00000000de880000,0x00000000de880000,0x00000000df180000)
 ParOldGen       total 62976K, used 12348K [0x0000000081800000, 0x0000000085580000, 0x00000000d5d80000)
  object space 62976K, 19% used [0x0000000081800000,0x000000008240f0b0,0x0000000085580000)
 Metaspace       used 23409K, capacity 23966K, committed 24192K, reserved 1071104K
  class space    used 2731K, capacity 2849K, committed 2944K, reserved 1048576K
Event: 14.626 GC heap after
Heap after GC invocations=9 (full 1):
 PSYoungGen      total 113664K, used 9184K [0x00000000d5d80000, 0x00000000df180000, 0x0000000100000000)
  eden space 104448K, 0% used [0x00000000d5d80000,0x00000000d5d80000,0x00000000dc380000)
  from space 9216K, 99% used [0x00000000de880000,0x00000000df178140,0x00000000df180000)
  to   space 9728K, 0% used [0x00000000dde80000,0x00000000dde80000,0x00000000de800000)
 ParOldGen       total 62976K, used 12471K [0x0000000081800000, 0x0000000085580000, 0x00000000d5d80000)
  object space 62976K, 19% used [0x0000000081800000,0x000000008242dc00,0x0000000085580000)
 Metaspace       used 23409K, capacity 23966K, committed 24192K, reserved 1071104K
  class space    used 2731K, capacity 2849K, committed 2944K, reserved 1048576K
}
Event: 16.526 GC heap before
{Heap before GC invocations=10 (full 1):
 PSYoungGen      total 113664K, used 113632K [0x00000000d5d80000, 0x00000000df180000, 0x0000000100000000)
  eden space 104448K, 100% used [0x00000000d5d80000,0x00000000dc380000,0x00000000dc380000)
  from space 9216K, 99% used [0x00000000de880000,0x00000000df178140,0x00000000df180000)
  to   space 9728K, 0% used [0x00000000dde80000,0x00000000dde80000,0x00000000de800000)
 ParOldGen       total 62976K, used 12471K [0x0000000081800000, 0x0000000085580000, 0x00000000d5d80000)
  object space 62976K, 19% used [0x0000000081800000,0x000000008242dc00,0x0000000085580000)
 Metaspace       used 29226K, capacity 29870K, committed 29952K, reserved 1075200K
  class space    used 3415K, capacity 3580K, committed 3584K, reserved 1048576K
Event: 16.556 GC heap after
Heap after GC invocations=10 (full 1):
 PSYoungGen      total 141824K, used 9726K [0x00000000d5d80000, 0x00000000e0980000, 0x0000000100000000)
  eden space 132096K, 0% used [0x00000000d5d80000,0x00000000d5d80000,0x00000000dde80000)
  from space 9728K, 99% used [0x00000000dde80000,0x00000000de7ffb38,0x00000000de800000)
  to   space 16896K, 0% used [0x00000000df900000,0x00000000df900000,0x00000000e0980000)
 ParOldGen       total 62976K, used 28100K [0x0000000081800000, 0x0000000085580000, 0x00000000d5d80000)
  object space 62976K, 44% used [0x0000000081800000,0x0000000083371188,0x0000000085580000)
 Metaspace       used 29226K, capacity 29870K, committed 29952K, reserved 1075200K
  class space    used 3415K, capacity 3580K, committed 3584K, reserved 1048576K
}
Event: 17.543 GC heap before
{Heap before GC invocations=11 (full 1):
 PSYoungGen      total 141824K, used 141822K [0x00000000d5d80000, 0x00000000e0980000, 0x0000000100000000)
  eden space 132096K, 100% used [0x00000000d5d80000,0x00000000dde80000,0x00000000dde80000)
  from space 9728K, 99% used [0x00000000dde80000,0x00000000de7ffb38,0x00000000de800000)
  to   space 16896K, 0% used [0x00000000df900000,0x00000000df900000,0x00000000e0980000)
 ParOldGen       total 62976K, used 28100K [0x0000000081800000, 0x0000000085580000, 0x00000000d5d80000)
  object space 62976K, 44% used [0x0000000081800000,0x0000000083371188,0x0000000085580000)
 Metaspace       used 29253K, capacity 29870K, committed 29952K, reserved 1075200K
  class space    used 3419K, capacity 3580K, committed 3584K, reserved 1048576K
Event: 17.605 GC heap after
Heap after GC invocations=11 (full 1):
 PSYoungGen      total 148992K, used 16889K [0x00000000d5d80000, 0x00000000e0980000, 0x0000000100000000)
  eden space 132096K, 0% used [0x00000000d5d80000,0x00000000d5d80000,0x00000000dde80000)
  from space 16896K, 99% used [0x00000000df900000,0x00000000e097e5a8,0x00000000e0980000)
  to   space 9728K, 0% used [0x00000000dde80000,0x00000000dde80000,0x00000000de800000)
 ParOldGen       total 62976K, used 40086K [0x0000000081800000, 0x0000000085580000, 0x00000000d5d80000)
  object space 62976K, 63% used [0x0000000081800000,0x0000000083f25820,0x0000000085580000)
 Metaspace       used 29253K, capacity 29870K, committed 29952K, reserved 1075200K
  class space    used 3419K, capacity 3580K, committed 3584K, reserved 1048576K
}
Event: 21.404 GC heap before
{Heap before GC invocations=12 (full 1):
 PSYoungGen      total 148992K, used 118327K [0x00000000d5d80000, 0x00000000e0980000, 0x0000000100000000)
  eden space 132096K, 76% used [0x00000000d5d80000,0x00000000dc08f9e0,0x00000000dde80000)
  from space 16896K, 99% used [0x00000000df900000,0x00000000e097e5a8,0x00000000e0980000)
  to   space 9728K, 0% used [0x00000000dde80000,0x00000000dde80000,0x00000000de800000)
 ParOldGen       total 62976K, used 40086K [0x0000000081800000, 0x0000000085580000, 0x00000000d5d80000)
  object space 62976K, 63% used [0x0000000081800000,0x0000000083f25820,0x0000000085580000)
 Metaspace       used 34716K, capacity 35306K, committed 35456K, reserved 1081344K
  class space    used 4014K, capacity 4200K, committed 4224K, reserved 1048576K
Event: 21.441 GC heap after
Heap after GC invocations=12 (full 1):
 PSYoungGen      total 141824K, used 9725K [0x00000000d5d80000, 0x00000000e0980000, 0x0000000100000000)
  eden space 132096K, 0% used [0x00000000d5d80000,0x00000000d5d80000,0x00000000dde80000)
  from space 9728K, 99% used [0x00000000dde80000,0x00000000de7ff7b0,0x00000000de800000)
  to   space 16896K, 0% used [0x00000000df900000,0x00000000df900000,0x00000000e0980000)
 ParOldGen       total 62976K, used 51856K [0x0000000081800000, 0x0000000085580000, 0x00000000d5d80000)
  object space 62976K, 82% used [0x0000000081800000,0x0000000084aa41a8,0x0000000085580000)
 Metaspace       used 34716K, capacity 35306K, committed 35456K, reserved 1081344K
  class space    used 4014K, capacity 4200K, committed 4224K, reserved 1048576K
}
Event: 21.441 GC heap before
{Heap before GC invocations=13 (full 2):
 PSYoungGen      total 141824K, used 9725K [0x00000000d5d80000, 0x00000000e0980000, 0x0000000100000000)
  eden space 132096K, 0% used [0x00000000d5d80000,0x00000000d5d80000,0x00000000dde80000)
  from space 9728K, 99% used [0x00000000dde80000,0x00000000de7ff7b0,0x00000000de800000)
  to   space 16896K, 0% used [0x00000000df900000,0x00000000df900000,0x00000000e0980000)
 ParOldGen       total 62976K, used 51856K [0x0000000081800000, 0x0000000085580000, 0x00000000d5d80000)
  object space 62976K, 82% used [0x0000000081800000,0x0000000084aa41a8,0x0000000085580000)
 Metaspace       used 34716K, capacity 35306K, committed 35456K, reserved 1081344K
  class space    used 4014K, capacity 4200K, committed 4224K, reserved 1048576K
Event: 22.038 GC heap after
Heap after GC invocations=13 (full 2):
 PSYoungGen      total 141824K, used 0K [0x00000000d5d80000, 0x00000000e0980000, 0x0000000100000000)
  eden space 132096K, 0% used [0x00000000d5d80000,0x00000000d5d80000,0x00000000dde80000)
  from space 9728K, 0% used [0x00000000dde80000,0x00000000dde80000,0x00000000de800000)
  to   space 16896K, 0% used [0x00000000df900000,0x00000000df900000,0x00000000e0980000)
 ParOldGen       total 62976K, used 49851K [0x0000000081800000, 0x0000000085580000, 0x00000000d5d80000)
  object space 62976K, 79% used [0x0000000081800000,0x00000000848aee88,0x0000000085580000)
 Metaspace       used 34716K, capacity 35306K, committed 35456K, reserved 1081344K
  class space    used 4014K, capacity 4200K, committed 4224K, reserved 1048576K
}

